{"level":"ERROR","time":"2024-07-15T22:51:36.293+0800","caller":"controller/manager.go:61","msg":"c.ShouldBindJSON(k) failed,err:","error":"Key: 'UpdateKindParams.Name' Error:Field validation for 'Name' failed on the 'required' tag\nKey: 'UpdateKindParams.Icon' Error:Field validation for 'Icon' failed on the 'required' tag\nKey: 'UpdateKindParams.ID' Error:Field validation for 'ID' failed on the 'required' tag"}
{"level":"ERROR","time":"2024-07-15T22:51:42.428+0800","caller":"controller/manager.go:61","msg":"c.ShouldBindJSON(k) failed,err:","error":"Key: 'UpdateKindParams.Name' Error:Field validation for 'Name' failed on the 'required' tag\nKey: 'UpdateKindParams.Icon' Error:Field validation for 'Icon' failed on the 'required' tag\nKey: 'UpdateKindParams.ID' Error:Field validation for 'ID' failed on the 'required' tag"}
{"level":"ERROR","time":"2024-07-15T22:52:36.058+0800","caller":"controller/manager.go:61","msg":"c.ShouldBindJSON(k) failed,err:","error":"Key: 'UpdateKindParams.Name' Error:Field validation for 'Name' failed on the 'required' tag\nKey: 'UpdateKindParams.Icon' Error:Field validation for 'Icon' failed on the 'required' tag\nKey: 'UpdateKindParams.ID' Error:Field validation for 'ID' failed on the 'required' tag"}
{"level":"ERROR","time":"2024-07-15T22:52:40.950+0800","caller":"controller/manager.go:61","msg":"c.ShouldBindJSON(k) failed,err:","error":"Key: 'UpdateKindParams.Name' Error:Field validation for 'Name' failed on the 'required' tag\nKey: 'UpdateKindParams.Icon' Error:Field validation for 'Icon' failed on the 'required' tag\nKey: 'UpdateKindParams.ID' Error:Field validation for 'ID' failed on the 'required' tag"}
{"level":"ERROR","time":"2024-07-15T22:54:03.331+0800","caller":"controller/manager.go:61","msg":"c.ShouldBindJSON(k) failed,err:","error":"Key: 'UpdateKindParams.Name' Error:Field validation for 'Name' failed on the 'required' tag"}
{"level":"ERROR","time":"2024-07-15T22:54:06.758+0800","caller":"controller/manager.go:61","msg":"c.ShouldBindJSON(k) failed,err:","error":"Key: 'UpdateKindParams.Name' Error:Field validation for 'Name' failed on the 'required' tag"}
{"level":"ERROR","time":"2024-07-15T22:54:15.604+0800","caller":"controller/manager.go:61","msg":"c.ShouldBindJSON(k) failed,err:","error":"Key: 'UpdateKindParams.Name' Error:Field validation for 'Name' failed on the 'required' tag"}
{"level":"ERROR","time":"2024-07-16T12:50:24.661+0800","caller":"controller/manager.go:43","msg":"c.ShouldBindJSON(essay) failed","error":"Key: 'EssayParams.Content' Error:Field validation for 'Content' failed on the 'required' tag"}
{"level":"ERROR","time":"2024-07-16T12:51:34.677+0800","caller":"controller/manager.go:43","msg":"c.ShouldBindJSON(essay) failed","error":"Key: 'EssayParams.Content' Error:Field validation for 'Content' failed on the 'required' tag"}
{"level":"ERROR","time":"2024-07-20T22:58:18.162+0800","caller":"controller/keyword.go:21","msg":"logic.IncreaseSearchKeyword(keyword) failed","error":"failed to increase Zset score: WRONGTYPE Operation against a key holding the wrong kind of value"}
{"level":"ERROR","time":"2024-07-20T22:58:45.938+0800","caller":"controller/keyword.go:34","msg":"logic.GetSearchKeywordRank(rankKind) failed,err:","error":"WRONGTYPE Operation against a key holding the wrong kind of value"}
{"level":"ERROR","time":"2024-07-20T22:58:45.939+0800","caller":"controller/count.go:13","msg":"redis.GetUserIpCount(setKind) failed,err","error":"WRONGTYPE Operation against a key holding the wrong kind of value"}
{"level":"ERROR","time":"2024-07-20T22:58:49.006+0800","caller":"controller/keyword.go:34","msg":"logic.GetSearchKeywordRank(rankKind) failed,err:","error":"WRONGTYPE Operation against a key holding the wrong kind of value"}
{"level":"ERROR","time":"2024-07-20T22:58:49.006+0800","caller":"controller/count.go:13","msg":"redis.GetUserIpCount(setKind) failed,err","error":"WRONGTYPE Operation against a key holding the wrong kind of value"}
{"level":"ERROR","time":"2024-07-20T23:00:31.062+0800","caller":"controller/keyword.go:34","msg":"logic.GetSearchKeywordRank(rankKind) failed,err:","error":"WRONGTYPE Operation against a key holding the wrong kind of value"}
{"level":"ERROR","time":"2024-07-20T23:00:31.063+0800","caller":"controller/count.go:13","msg":"redis.GetUserIpCount(setKind) failed,err","error":"WRONGTYPE Operation against a key holding the wrong kind of value"}
{"level":"ERROR","time":"2024-07-20T23:00:39.365+0800","caller":"controller/keyword.go:21","msg":"logic.IncreaseSearchKeyword(keyword) failed","error":"failed to increase Zset score: WRONGTYPE Operation against a key holding the wrong kind of value"}
{"level":"ERROR","time":"2024-07-20T23:22:53.418+0800","caller":"controller/keyword.go:21","msg":"logic.IncreaseSearchKeyword(keyword) failed","error":"failed to increment score for item w问我奥奥奥 in blog:keyword:searchTimes:: WRONGTYPE Operation against a key holding the wrong kind of value"}
{"level":"ERROR","time":"2024-07-20T23:23:20.160+0800","caller":"tickerTask/ticker.go:57","msg":"Task error","error":"WRONGTYPE Operation against a key holding the wrong kind of value"}
{"level":"ERROR","time":"2024-07-20T23:39:55.364+0800","caller":"tickerTask/ticker.go:57","msg":"Task error","error":"key blog:blog:keyword:searchTimes: does not exist"}
{"level":"ERROR","time":"2024-07-20T23:41:37.941+0800","caller":"tickerTask/ticker.go:57","msg":"Task error","error":"key blog:keyword:searchTimes: does not exist"}
{"level":"ERROR","time":"2024-07-20T23:42:13.094+0800","caller":"tickerTask/ticker.go:57","msg":"Task error","error":"key blog:keyword:searchTimes: does not exist"}
{"level":"ERROR","time":"2024-07-20T23:43:34.098+0800","caller":"tickerTask/ticker.go:57","msg":"Task error","error":"key blog:keyword:searchTimes: does not exist"}
{"level":"ERROR","time":"2024-07-20T23:45:11.553+0800","caller":"tickerTask/ticker.go:57","msg":"Task error","error":"key blog:keyword:searchTimes: does not exist"}
{"level":"ERROR","time":"2024-07-20T23:46:14.958+0800","caller":"tickerTask/ticker.go:57","msg":"Task error","error":"key blog:keyword:searchTimes: does not exist"}
{"level":"ERROR","time":"2024-07-20T23:47:30.161+0800","caller":"tickerTask/ticker.go:57","msg":"Task error","error":"key blog:keyword:searchTimes: does not exist"}
{"level":"ERROR","time":"2024-08-06T00:00:45.286+0800","caller":"controller/user.go:47","msg":"logic.Login() failed","error":"sql: no rows in result set"}
{"level":"ERROR","time":"2024-08-06T00:00:49.091+0800","caller":"controller/user.go:47","msg":"logic.Login() failed","error":"sql: no rows in result set"}
{"level":"ERROR","time":"2024-08-16T18:50:35.692+0800","caller":"controller/data.go:38","msg":"logic.GetDataAboutClassifyEssayMsg(essayList) failed","error":"expected slice but got struct"}
{"level":"ERROR","time":"2024-08-16T18:51:21.759+0800","caller":"controller/data.go:38","msg":"logic.GetDataAboutClassifyEssayMsg(essayList) failed","error":"must pass a pointer, not a value, to StructScan destination"}
{"level":"ERROR","time":"2024-08-16T18:52:09.301+0800","caller":"controller/data.go:38","msg":"logic.GetDataAboutClassifyEssayMsg(essayList) failed","error":"nil pointer passed to StructScan destination"}
{"level":"ERROR","time":"2024-08-16T20:34:17.864+0800","caller":"controller/data.go:38","msg":"logic.GetDataAboutClassifyEssayMsg(essayList) failed","error":"sql: converting argument $1 type: unsupported type []interface {}, a slice of interface"}
{"level":"ERROR","time":"2024-08-16T20:34:48.462+0800","caller":"controller/data.go:38","msg":"logic.GetDataAboutClassifyEssayMsg(essayList) failed","error":"sql: converting argument $1 type: unsupported type []interface {}, a slice of interface"}
{"level":"ERROR","time":"2024-08-16T20:36:04.058+0800","caller":"controller/data.go:38","msg":"logic.GetDataAboutClassifyEssayMsg(essayList) failed","error":"sql: converting argument $1 type: unsupported type []interface {}, a slice of interface"}
{"level":"ERROR","time":"2024-08-17T07:58:15.815+0800","caller":"controller/data.go:51","msg":"strconv.Atoi(query) failed","error":"strconv.Atoi: parsing \"\": invalid syntax"}
{"level":"ERROR","time":"2024-08-17T07:58:21.595+0800","caller":"controller/data.go:51","msg":"strconv.Atoi(query) failed","error":"strconv.Atoi: parsing \"\": invalid syntax"}
{"level":"ERROR","time":"2024-08-17T07:58:32.373+0800","caller":"controller/data.go:51","msg":"strconv.Atoi(query) failed","error":"strconv.Atoi: parsing \"\": invalid syntax"}
{"level":"ERROR","time":"2024-08-17T07:58:40.843+0800","caller":"controller/data.go:51","msg":"strconv.Atoi(query) failed","error":"strconv.Atoi: parsing \"\": invalid syntax"}
{"level":"ERROR","time":"2024-08-17T07:58:44.850+0800","caller":"controller/data.go:51","msg":"strconv.Atoi(query) failed","error":"strconv.Atoi: parsing \"\": invalid syntax"}
{"level":"ERROR","time":"2024-08-17T08:00:30.094+0800","caller":"controller/data.go:51","msg":"strconv.Atoi(query) failed","error":"strconv.Atoi: parsing \"\": invalid syntax"}
{"level":"ERROR","time":"2024-08-17T08:00:55.362+0800","caller":"controller/data.go:51","msg":"strconv.Atoi(query) failed","error":"strconv.Atoi: parsing \"\": invalid syntax"}
{"level":"ERROR","time":"2024-08-17T08:02:31.385+0800","caller":"controller/data.go:51","msg":"strconv.Atoi(query) failed","error":"strconv.Atoi: parsing \"\": invalid syntax"}
{"level":"ERROR","time":"2024-08-17T08:02:32.889+0800","caller":"controller/data.go:51","msg":"strconv.Atoi(query) failed","error":"strconv.Atoi: parsing \"\": invalid syntax"}
{"level":"ERROR","time":"2024-08-17T08:03:16.509+0800","caller":"controller/data.go:51","msg":"strconv.Atoi(query) failed","error":"strconv.Atoi: parsing \"\": invalid syntax"}
{"level":"ERROR","time":"2024-08-17T08:03:32.964+0800","caller":"controller/data.go:51","msg":"strconv.Atoi(query) failed","error":"strconv.Atoi: parsing \"\": invalid syntax"}
{"level":"ERROR","time":"2024-08-17T08:06:14.846+0800","caller":"controller/data.go:51","msg":"strconv.Atoi(query) failed","error":"strconv.Atoi: parsing \"\": invalid syntax"}
{"level":"ERROR","time":"2024-08-17T08:07:11.020+0800","caller":"controller/data.go:51","msg":"strconv.Atoi(query) failed","error":"strconv.Atoi: parsing \"\": invalid syntax"}
{"level":"ERROR","time":"2024-08-17T08:15:25.024+0800","caller":"controller/data.go:38","msg":"logic.GetDataAboutClassifyEssayMsg(essayList) failed","error":"sql: Scan error on column index 5, name \"createdTime\": converting NULL to string is unsupported"}
{"level":"ERROR","time":"2024-08-17T09:17:43.596+0800","caller":"controller/data.go:51","msg":"strconv.Atoi(query) failed","error":"strconv.Atoi: parsing \"\": invalid syntax"}
{"level":"ERROR","time":"2024-08-17T09:18:04.302+0800","caller":"controller/data.go:51","msg":"strconv.Atoi(query) failed","error":"strconv.Atoi: parsing \"\": invalid syntax"}
{"level":"ERROR","time":"2024-08-17T09:18:20.310+0800","caller":"controller/data.go:51","msg":"strconv.Atoi(query) failed","error":"strconv.Atoi: parsing \"\": invalid syntax"}
{"level":"ERROR","time":"2024-08-17T09:18:21.185+0800","caller":"controller/data.go:51","msg":"strconv.Atoi(query) failed","error":"strconv.Atoi: parsing \"\": invalid syntax"}
{"level":"ERROR","time":"2024-08-17T09:18:22.475+0800","caller":"controller/data.go:51","msg":"strconv.Atoi(query) failed","error":"strconv.Atoi: parsing \"\": invalid syntax"}
{"level":"ERROR","time":"2024-08-17T09:18:27.478+0800","caller":"controller/data.go:51","msg":"strconv.Atoi(query) failed","error":"strconv.Atoi: parsing \"\": invalid syntax"}
{"level":"ERROR","time":"2024-08-17T09:18:54.311+0800","caller":"controller/data.go:51","msg":"strconv.Atoi(query) failed","error":"strconv.Atoi: parsing \"\": invalid syntax"}
{"level":"ERROR","time":"2024-08-17T09:19:21.308+0800","caller":"controller/data.go:51","msg":"strconv.Atoi(query) failed","error":"strconv.Atoi: parsing \"\": invalid syntax"}
{"level":"ERROR","time":"2024-08-17T09:19:22.310+0800","caller":"controller/data.go:51","msg":"strconv.Atoi(query) failed","error":"strconv.Atoi: parsing \"\": invalid syntax"}
{"level":"ERROR","time":"2024-08-17T09:21:41.434+0800","caller":"controller/data.go:51","msg":"strconv.Atoi(query) failed","error":"strconv.Atoi: parsing \"\": invalid syntax"}
{"level":"ERROR","time":"2024-08-17T09:21:52.777+0800","caller":"controller/data.go:51","msg":"strconv.Atoi(query) failed","error":"strconv.Atoi: parsing \"\": invalid syntax"}
{"level":"ERROR","time":"2024-08-17T09:22:26.309+0800","caller":"controller/data.go:51","msg":"strconv.Atoi(query) failed","error":"strconv.Atoi: parsing \"\": invalid syntax"}
{"level":"ERROR","time":"2024-08-17T09:23:03.994+0800","caller":"controller/data.go:51","msg":"strconv.Atoi(query) failed","error":"strconv.Atoi: parsing \"\": invalid syntax"}
{"level":"ERROR","time":"2024-08-17T09:23:11.374+0800","caller":"controller/data.go:51","msg":"strconv.Atoi(query) failed","error":"strconv.Atoi: parsing \"\": invalid syntax"}
{"level":"ERROR","time":"2024-08-17T09:23:36.028+0800","caller":"controller/data.go:51","msg":"strconv.Atoi(query) failed","error":"strconv.Atoi: parsing \"\": invalid syntax"}
{"level":"ERROR","time":"2024-08-17T09:25:53.006+0800","caller":"controller/data.go:51","msg":"strconv.Atoi(query) failed","error":"strconv.Atoi: parsing \"\": invalid syntax"}
{"level":"ERROR","time":"2024-08-17T12:22:53.814+0800","caller":"controller/data.go:57","msg":"strconv.Atoi(query) failed","error":"strconv.Atoi: parsing \"\": invalid syntax"}
{"level":"ERROR","time":"2024-08-17T13:04:16.839+0800","caller":"controller/data.go:51","msg":"strconv.Atoi(query) failed","error":"strconv.Atoi: parsing \"\": invalid syntax"}
{"level":"ERROR","time":"2024-08-17T13:20:01.949+0800","caller":"controller/data.go:51","msg":"strconv.Atoi(query) failed","error":"strconv.Atoi: parsing \"\": invalid syntax"}
{"level":"ERROR","time":"2024-08-17T13:21:25.040+0800","caller":"controller/data.go:51","msg":"strconv.Atoi(query) failed","error":"strconv.Atoi: parsing \"\": invalid syntax"}
{"level":"ERROR","time":"2024-08-17T13:21:36.427+0800","caller":"controller/data.go:51","msg":"strconv.Atoi(query) failed","error":"strconv.Atoi: parsing \"\": invalid syntax"}
{"level":"ERROR","time":"2024-08-17T13:21:56.305+0800","caller":"controller/data.go:51","msg":"strconv.Atoi(query) failed","error":"strconv.Atoi: parsing \"\": invalid syntax"}
{"level":"ERROR","time":"2024-08-17T13:22:45.853+0800","caller":"controller/data.go:51","msg":"strconv.Atoi(query) failed","error":"strconv.Atoi: parsing \"\": invalid syntax"}
{"level":"ERROR","time":"2024-08-17T13:23:34.300+0800","caller":"controller/data.go:51","msg":"strconv.Atoi(query) failed","error":"strconv.Atoi: parsing \"\": invalid syntax"}
{"level":"ERROR","time":"2024-08-17T13:33:48.110+0800","caller":"controller/data.go:51","msg":"strconv.Atoi(query) failed","error":"strconv.Atoi: parsing \"\": invalid syntax"}
{"level":"ERROR","time":"2024-08-17T13:33:53.800+0800","caller":"controller/data.go:51","msg":"strconv.Atoi(query) failed","error":"strconv.Atoi: parsing \"\": invalid syntax"}
{"level":"ERROR","time":"2024-08-17T13:34:06.895+0800","caller":"controller/data.go:51","msg":"strconv.Atoi(query) failed","error":"strconv.Atoi: parsing \"\": invalid syntax"}
{"level":"ERROR","time":"2024-08-17T13:37:24.622+0800","caller":"controller/data.go:51","msg":"strconv.Atoi(query) failed","error":"strconv.Atoi: parsing \"\": invalid syntax"}
{"level":"ERROR","time":"2024-08-17T13:37:39.758+0800","caller":"controller/data.go:51","msg":"strconv.Atoi(query) failed","error":"strconv.Atoi: parsing \"\": invalid syntax"}
{"level":"ERROR","time":"2024-08-17T13:37:45.043+0800","caller":"controller/data.go:51","msg":"strconv.Atoi(query) failed","error":"strconv.Atoi: parsing \"\": invalid syntax"}
{"level":"ERROR","time":"2024-08-17T13:37:56.709+0800","caller":"controller/data.go:51","msg":"strconv.Atoi(query) failed","error":"strconv.Atoi: parsing \"\": invalid syntax"}
{"level":"ERROR","time":"2024-08-17T13:37:58.648+0800","caller":"controller/data.go:51","msg":"strconv.Atoi(query) failed","error":"strconv.Atoi: parsing \"\": invalid syntax"}
{"level":"ERROR","time":"2024-08-17T13:38:09.310+0800","caller":"controller/data.go:51","msg":"strconv.Atoi(query) failed","error":"strconv.Atoi: parsing \"\": invalid syntax"}
{"level":"ERROR","time":"2024-08-17T13:40:55.793+0800","caller":"controller/data.go:51","msg":"strconv.Atoi(query) failed","error":"strconv.Atoi: parsing \"\": invalid syntax"}
{"level":"ERROR","time":"2024-08-17T13:40:58.565+0800","caller":"controller/data.go:51","msg":"strconv.Atoi(query) failed","error":"strconv.Atoi: parsing \"\": invalid syntax"}
{"level":"ERROR","time":"2024-08-17T13:42:07.343+0800","caller":"controller/data.go:51","msg":"strconv.Atoi(query) failed","error":"strconv.Atoi: parsing \"\": invalid syntax"}
{"level":"ERROR","time":"2024-08-17T13:42:09.313+0800","caller":"controller/data.go:51","msg":"strconv.Atoi(query) failed","error":"strconv.Atoi: parsing \"\": invalid syntax"}
{"level":"ERROR","time":"2024-08-17T13:42:17.327+0800","caller":"controller/data.go:51","msg":"strconv.Atoi(query) failed","error":"strconv.Atoi: parsing \"\": invalid syntax"}
{"level":"ERROR","time":"2024-08-17T13:42:20.300+0800","caller":"controller/data.go:51","msg":"strconv.Atoi(query) failed","error":"strconv.Atoi: parsing \"\": invalid syntax"}
{"level":"ERROR","time":"2024-08-17T13:42:36.303+0800","caller":"controller/data.go:51","msg":"strconv.Atoi(query) failed","error":"strconv.Atoi: parsing \"\": invalid syntax"}
{"level":"ERROR","time":"2024-08-17T13:43:11.006+0800","caller":"controller/data.go:51","msg":"strconv.Atoi(query) failed","error":"strconv.Atoi: parsing \"\": invalid syntax"}
{"level":"ERROR","time":"2024-08-17T13:43:31.739+0800","caller":"controller/data.go:51","msg":"strconv.Atoi(query) failed","error":"strconv.Atoi: parsing \"\": invalid syntax"}
{"level":"ERROR","time":"2024-08-17T13:44:03.095+0800","caller":"controller/data.go:51","msg":"strconv.Atoi(query) failed","error":"strconv.Atoi: parsing \"\": invalid syntax"}
{"level":"ERROR","time":"2024-08-17T13:44:07.590+0800","caller":"controller/data.go:51","msg":"strconv.Atoi(query) failed","error":"strconv.Atoi: parsing \"\": invalid syntax"}
{"level":"ERROR","time":"2024-08-17T13:44:29.311+0800","caller":"controller/data.go:51","msg":"strconv.Atoi(query) failed","error":"strconv.Atoi: parsing \"\": invalid syntax"}
{"level":"ERROR","time":"2024-08-17T13:46:50.729+0800","caller":"controller/data.go:51","msg":"strconv.Atoi(query) failed","error":"strconv.Atoi: parsing \"\": invalid syntax"}
{"level":"ERROR","time":"2024-08-17T13:46:54.578+0800","caller":"controller/data.go:51","msg":"strconv.Atoi(query) failed","error":"strconv.Atoi: parsing \"\": invalid syntax"}
{"level":"ERROR","time":"2024-08-17T13:47:21.338+0800","caller":"controller/data.go:51","msg":"strconv.Atoi(query) failed","error":"strconv.Atoi: parsing \"\": invalid syntax"}
{"level":"ERROR","time":"2024-08-17T13:47:34.299+0800","caller":"controller/data.go:51","msg":"strconv.Atoi(query) failed","error":"strconv.Atoi: parsing \"\": invalid syntax"}
{"level":"ERROR","time":"2024-08-17T13:47:39.310+0800","caller":"controller/data.go:51","msg":"strconv.Atoi(query) failed","error":"strconv.Atoi: parsing \"\": invalid syntax"}
{"level":"ERROR","time":"2024-08-17T13:47:43.489+0800","caller":"controller/data.go:51","msg":"strconv.Atoi(query) failed","error":"strconv.Atoi: parsing \"\": invalid syntax"}
{"level":"ERROR","time":"2024-08-17T13:47:45.990+0800","caller":"controller/data.go:51","msg":"strconv.Atoi(query) failed","error":"strconv.Atoi: parsing \"\": invalid syntax"}
{"level":"ERROR","time":"2024-08-17T13:48:12.299+0800","caller":"controller/data.go:51","msg":"strconv.Atoi(query) failed","error":"strconv.Atoi: parsing \"\": invalid syntax"}
{"level":"ERROR","time":"2024-08-17T13:48:17.961+0800","caller":"controller/data.go:51","msg":"strconv.Atoi(query) failed","error":"strconv.Atoi: parsing \"\": invalid syntax"}
{"level":"ERROR","time":"2024-08-17T13:48:33.306+0800","caller":"controller/data.go:51","msg":"strconv.Atoi(query) failed","error":"strconv.Atoi: parsing \"\": invalid syntax"}
{"level":"ERROR","time":"2024-08-17T13:48:35.130+0800","caller":"controller/data.go:51","msg":"strconv.Atoi(query) failed","error":"strconv.Atoi: parsing \"\": invalid syntax"}
{"level":"ERROR","time":"2024-08-17T13:48:39.293+0800","caller":"controller/data.go:51","msg":"strconv.Atoi(query) failed","error":"strconv.Atoi: parsing \"\": invalid syntax"}
{"level":"ERROR","time":"2024-08-17T13:48:49.307+0800","caller":"controller/data.go:51","msg":"strconv.Atoi(query) failed","error":"strconv.Atoi: parsing \"\": invalid syntax"}
{"level":"ERROR","time":"2024-08-17T13:48:52.307+0800","caller":"controller/data.go:51","msg":"strconv.Atoi(query) failed","error":"strconv.Atoi: parsing \"\": invalid syntax"}
{"level":"ERROR","time":"2024-08-17T13:49:03.299+0800","caller":"controller/data.go:51","msg":"strconv.Atoi(query) failed","error":"strconv.Atoi: parsing \"\": invalid syntax"}
{"level":"ERROR","time":"2024-08-17T13:49:04.312+0800","caller":"controller/data.go:51","msg":"strconv.Atoi(query) failed","error":"strconv.Atoi: parsing \"\": invalid syntax"}
{"level":"ERROR","time":"2024-08-17T13:49:06.311+0800","caller":"controller/data.go:51","msg":"strconv.Atoi(query) failed","error":"strconv.Atoi: parsing \"\": invalid syntax"}
{"level":"ERROR","time":"2024-08-17T13:50:06.908+0800","caller":"controller/data.go:51","msg":"strconv.Atoi(query) failed","error":"strconv.Atoi: parsing \"\": invalid syntax"}
{"level":"ERROR","time":"2024-08-17T14:15:27.791+0800","caller":"controller/data.go:51","msg":"strconv.Atoi(query) failed","error":"strconv.Atoi: parsing \"\": invalid syntax"}
{"level":"ERROR","time":"2024-08-17T14:15:40.244+0800","caller":"controller/data.go:51","msg":"strconv.Atoi(query) failed","error":"strconv.Atoi: parsing \"\": invalid syntax"}
{"level":"ERROR","time":"2024-08-17T14:15:44.573+0800","caller":"controller/data.go:51","msg":"strconv.Atoi(query) failed","error":"strconv.Atoi: parsing \"\": invalid syntax"}
{"level":"ERROR","time":"2024-08-17T14:16:19.297+0800","caller":"controller/data.go:53","msg":"strconv.Atoi(query) failed","error":"strconv.Atoi: parsing \"\": invalid syntax"}
{"level":"ERROR","time":"2024-08-17T14:49:39.952+0800","caller":"controller/data.go:51","msg":"strconv.Atoi(query) failed","error":"strconv.Atoi: parsing \"undefined\": invalid syntax"}
{"level":"ERROR","time":"2024-08-17T14:49:46.541+0800","caller":"controller/data.go:51","msg":"strconv.Atoi(query) failed","error":"strconv.Atoi: parsing \"undefined\": invalid syntax"}
{"level":"ERROR","time":"2024-08-17T14:50:06.933+0800","caller":"controller/data.go:51","msg":"strconv.Atoi(query) failed","error":"strconv.Atoi: parsing \"undefined\": invalid syntax"}
{"level":"ERROR","time":"2024-08-17T14:50:16.395+0800","caller":"controller/data.go:51","msg":"strconv.Atoi(query) failed","error":"strconv.Atoi: parsing \"undefined\": invalid syntax"}
{"level":"ERROR","time":"2024-08-17T14:50:51.130+0800","caller":"controller/data.go:51","msg":"strconv.Atoi(query) failed","error":"strconv.Atoi: parsing \"undefined\": invalid syntax"}
{"level":"ERROR","time":"2024-08-17T14:50:54.373+0800","caller":"controller/data.go:51","msg":"strconv.Atoi(query) failed","error":"strconv.Atoi: parsing \"undefined\": invalid syntax"}
{"level":"ERROR","time":"2024-08-17T14:51:18.608+0800","caller":"controller/data.go:51","msg":"strconv.Atoi(query) failed","error":"strconv.Atoi: parsing \"undefined\": invalid syntax"}
{"level":"ERROR","time":"2024-08-17T14:51:33.080+0800","caller":"controller/data.go:51","msg":"strconv.Atoi(query) failed","error":"strconv.Atoi: parsing \"undefined\": invalid syntax"}
{"level":"ERROR","time":"2024-08-17T14:51:49.333+0800","caller":"controller/data.go:51","msg":"strconv.Atoi(query) failed","error":"strconv.Atoi: parsing \"undefined\": invalid syntax"}
{"level":"ERROR","time":"2024-08-17T14:51:56.244+0800","caller":"controller/data.go:51","msg":"strconv.Atoi(query) failed","error":"strconv.Atoi: parsing \"undefined\": invalid syntax"}
{"level":"ERROR","time":"2024-08-17T14:51:58.373+0800","caller":"controller/data.go:51","msg":"strconv.Atoi(query) failed","error":"strconv.Atoi: parsing \"undefined\": invalid syntax"}
{"level":"ERROR","time":"2024-08-17T14:52:04.778+0800","caller":"controller/data.go:51","msg":"strconv.Atoi(query) failed","error":"strconv.Atoi: parsing \"undefined\": invalid syntax"}
{"level":"ERROR","time":"2024-08-17T14:52:19.088+0800","caller":"controller/data.go:51","msg":"strconv.Atoi(query) failed","error":"strconv.Atoi: parsing \"undefined\": invalid syntax"}
{"level":"ERROR","time":"2024-08-17T14:54:22.205+0800","caller":"controller/data.go:51","msg":"strconv.Atoi(query) failed","error":"strconv.Atoi: parsing \"undefined\": invalid syntax"}
{"level":"ERROR","time":"2024-08-17T14:54:31.478+0800","caller":"controller/data.go:51","msg":"strconv.Atoi(query) failed","error":"strconv.Atoi: parsing \"undefined\": invalid syntax"}
{"level":"ERROR","time":"2024-08-17T14:59:32.525+0800","caller":"controller/manager.go:43","msg":"c.ShouldBindJSON(essay) failed","error":"Key: 'EssayParams.Content' Error:Field validation for 'Content' failed on the 'required' tag"}
{"level":"ERROR","time":"2024-08-17T19:36:50.416+0800","caller":"controller/data.go:51","msg":"strconv.Atoi(query) failed","error":"strconv.Atoi: parsing \"undefined\": invalid syntax"}
{"level":"ERROR","time":"2024-08-17T21:11:26.880+0800","caller":"controller/data.go:51","msg":"strconv.Atoi(query) failed","error":"strconv.Atoi: parsing \"undefined\": invalid syntax"}
{"level":"ERROR","time":"2024-08-17T21:11:30.821+0800","caller":"controller/data.go:51","msg":"strconv.Atoi(query) failed","error":"strconv.Atoi: parsing \"undefined\": invalid syntax"}
{"level":"ERROR","time":"2024-08-17T21:11:35.325+0800","caller":"controller/data.go:51","msg":"strconv.Atoi(query) failed","error":"strconv.Atoi: parsing \"undefined\": invalid syntax"}
{"level":"ERROR","time":"2024-08-17T21:12:15.880+0800","caller":"controller/data.go:51","msg":"strconv.Atoi(query) failed","error":"strconv.Atoi: parsing \"undefined\": invalid syntax"}
{"level":"ERROR","time":"2024-08-17T21:12:44.056+0800","caller":"controller/data.go:51","msg":"strconv.Atoi(query) failed","error":"strconv.Atoi: parsing \"undefined\": invalid syntax"}
{"level":"ERROR","time":"2024-08-17T21:13:11.294+0800","caller":"controller/data.go:51","msg":"strconv.Atoi(query) failed","error":"strconv.Atoi: parsing \"undefined\": invalid syntax"}
{"level":"ERROR","time":"2024-08-17T21:13:35.309+0800","caller":"controller/data.go:51","msg":"strconv.Atoi(query) failed","error":"strconv.Atoi: parsing \"undefined\": invalid syntax"}
{"level":"ERROR","time":"2024-08-17T21:13:48.283+0800","caller":"controller/data.go:51","msg":"strconv.Atoi(query) failed","error":"strconv.Atoi: parsing \"undefined\": invalid syntax"}
{"level":"ERROR","time":"2024-08-17T21:13:54.311+0800","caller":"controller/data.go:51","msg":"strconv.Atoi(query) failed","error":"strconv.Atoi: parsing \"undefined\": invalid syntax"}
{"level":"ERROR","time":"2024-08-17T21:14:01.398+0800","caller":"controller/data.go:51","msg":"strconv.Atoi(query) failed","error":"strconv.Atoi: parsing \"undefined\": invalid syntax"}
{"level":"ERROR","time":"2024-08-17T21:15:00.104+0800","caller":"controller/data.go:51","msg":"strconv.Atoi(query) failed","error":"strconv.Atoi: parsing \"undefined\": invalid syntax"}
{"level":"ERROR","time":"2024-08-17T21:15:25.300+0800","caller":"controller/data.go:51","msg":"strconv.Atoi(query) failed","error":"strconv.Atoi: parsing \"undefined\": invalid syntax"}
{"level":"ERROR","time":"2024-08-17T21:21:34.649+0800","caller":"controller/data.go:51","msg":"strconv.Atoi(query) failed","error":"strconv.Atoi: parsing \"undefined\": invalid syntax"}
{"level":"ERROR","time":"2024-08-17T21:22:05.832+0800","caller":"controller/data.go:51","msg":"strconv.Atoi(query) failed","error":"strconv.Atoi: parsing \"undefined\": invalid syntax"}
{"level":"ERROR","time":"2024-08-17T21:22:09.672+0800","caller":"controller/data.go:51","msg":"strconv.Atoi(query) failed","error":"strconv.Atoi: parsing \"undefined\": invalid syntax"}
{"level":"ERROR","time":"2024-08-17T21:22:31.593+0800","caller":"controller/data.go:51","msg":"strconv.Atoi(query) failed","error":"strconv.Atoi: parsing \"undefined\": invalid syntax"}
{"level":"ERROR","time":"2024-08-17T21:38:58.964+0800","caller":"controller/keyword.go:16","msg":"c.ShouldBindJSON(keyword) failed","error":"invalid character 'a' looking for beginning of value"}
{"level":"ERROR","time":"2024-08-17T21:39:19.272+0800","caller":"controller/keyword.go:16","msg":"c.ShouldBindJSON(keyword) failed","error":"invalid character 'a' looking for beginning of value"}
{"level":"ERROR","time":"2024-08-17T21:39:28.771+0800","caller":"controller/keyword.go:16","msg":"c.ShouldBindJSON(keyword) failed","error":"invalid character 'a' looking for beginning of value"}
{"level":"ERROR","time":"2024-08-18T11:01:16.951+0800","caller":"controller/data.go:51","msg":"strconv.Atoi(query) failed","error":"strconv.Atoi: parsing \"undefined\": invalid syntax"}
{"level":"ERROR","time":"2024-08-18T20:23:32.322+0800","caller":"controller/data.go:51","msg":"strconv.Atoi(query) failed","error":"strconv.Atoi: parsing \"[object Object]\": invalid syntax"}
{"level":"ERROR","time":"2024-08-18T20:23:34.310+0800","caller":"controller/data.go:51","msg":"strconv.Atoi(query) failed","error":"strconv.Atoi: parsing \"[object Object]\": invalid syntax"}
{"level":"ERROR","time":"2024-08-18T20:23:35.300+0800","caller":"controller/data.go:51","msg":"strconv.Atoi(query) failed","error":"strconv.Atoi: parsing \"[object Object]\": invalid syntax"}
{"level":"ERROR","time":"2024-08-18T20:24:15.318+0800","caller":"controller/data.go:51","msg":"strconv.Atoi(query) failed","error":"strconv.Atoi: parsing \"[object Object]\": invalid syntax"}
{"level":"ERROR","time":"2024-08-18T20:24:19.305+0800","caller":"controller/data.go:51","msg":"strconv.Atoi(query) failed","error":"strconv.Atoi: parsing \"[object Object]\": invalid syntax"}
{"level":"ERROR","time":"2024-08-18T20:25:15.333+0800","caller":"controller/data.go:51","msg":"strconv.Atoi(query) failed","error":"strconv.Atoi: parsing \"[object Object]\": invalid syntax"}
{"level":"ERROR","time":"2024-08-18T20:25:17.308+0800","caller":"controller/data.go:51","msg":"strconv.Atoi(query) failed","error":"strconv.Atoi: parsing \"[object Object]\": invalid syntax"}
{"level":"ERROR","time":"2024-08-18T20:25:42.319+0800","caller":"controller/data.go:51","msg":"strconv.Atoi(query) failed","error":"strconv.Atoi: parsing \"[object Object]\": invalid syntax"}
{"level":"ERROR","time":"2024-08-18T20:26:37.315+0800","caller":"controller/data.go:51","msg":"strconv.Atoi(query) failed","error":"strconv.Atoi: parsing \"undefined\": invalid syntax"}
{"level":"ERROR","time":"2024-08-18T20:26:41.310+0800","caller":"controller/data.go:51","msg":"strconv.Atoi(query) failed","error":"strconv.Atoi: parsing \"undefined\": invalid syntax"}
{"level":"ERROR","time":"2024-08-18T20:26:44.309+0800","caller":"controller/data.go:51","msg":"strconv.Atoi(query) failed","error":"strconv.Atoi: parsing \"undefined\": invalid syntax"}
{"level":"ERROR","time":"2024-08-18T21:41:01.324+0800","caller":"controller/manager.go:43","msg":"c.ShouldBindJSON(essay) failed","error":"Key: 'EssayParams.Kind' Error:Field validation for 'Kind' failed on the 'required' tag\nKey: 'EssayParams.Name' Error:Field validation for 'Name' failed on the 'required' tag\nKey: 'EssayParams.Introduction' Error:Field validation for 'Introduction' failed on the 'required' tag\nKey: 'EssayParams.Content' Error:Field validation for 'Content' failed on the 'required' tag\nKey: 'EssayParams.Router' Error:Field validation for 'Router' failed on the 'required' tag"}
{"level":"ERROR","time":"2024-08-18T21:41:02.558+0800","caller":"controller/manager.go:43","msg":"c.ShouldBindJSON(essay) failed","error":"Key: 'EssayParams.Kind' Error:Field validation for 'Kind' failed on the 'required' tag\nKey: 'EssayParams.Name' Error:Field validation for 'Name' failed on the 'required' tag\nKey: 'EssayParams.Introduction' Error:Field validation for 'Introduction' failed on the 'required' tag\nKey: 'EssayParams.Content' Error:Field validation for 'Content' failed on the 'required' tag\nKey: 'EssayParams.Router' Error:Field validation for 'Router' failed on the 'required' tag"}
{"level":"ERROR","time":"2024-08-18T21:41:13.507+0800","caller":"controller/manager.go:43","msg":"c.ShouldBindJSON(essay) failed","error":"Key: 'EssayParams.Kind' Error:Field validation for 'Kind' failed on the 'required' tag\nKey: 'EssayParams.Name' Error:Field validation for 'Name' failed on the 'required' tag\nKey: 'EssayParams.Introduction' Error:Field validation for 'Introduction' failed on the 'required' tag\nKey: 'EssayParams.Content' Error:Field validation for 'Content' failed on the 'required' tag\nKey: 'EssayParams.Router' Error:Field validation for 'Router' failed on the 'required' tag"}
{"level":"ERROR","time":"2024-08-18T21:41:18.268+0800","caller":"controller/manager.go:43","msg":"c.ShouldBindJSON(essay) failed","error":"Key: 'EssayParams.Kind' Error:Field validation for 'Kind' failed on the 'required' tag\nKey: 'EssayParams.Name' Error:Field validation for 'Name' failed on the 'required' tag\nKey: 'EssayParams.Introduction' Error:Field validation for 'Introduction' failed on the 'required' tag\nKey: 'EssayParams.Content' Error:Field validation for 'Content' failed on the 'required' tag\nKey: 'EssayParams.Router' Error:Field validation for 'Router' failed on the 'required' tag"}
{"level":"ERROR","time":"2024-08-18T21:41:19.143+0800","caller":"controller/manager.go:43","msg":"c.ShouldBindJSON(essay) failed","error":"Key: 'EssayParams.Kind' Error:Field validation for 'Kind' failed on the 'required' tag\nKey: 'EssayParams.Name' Error:Field validation for 'Name' failed on the 'required' tag\nKey: 'EssayParams.Introduction' Error:Field validation for 'Introduction' failed on the 'required' tag\nKey: 'EssayParams.Content' Error:Field validation for 'Content' failed on the 'required' tag\nKey: 'EssayParams.Router' Error:Field validation for 'Router' failed on the 'required' tag"}
{"level":"ERROR","time":"2024-08-18T21:41:27.472+0800","caller":"controller/manager.go:43","msg":"c.ShouldBindJSON(essay) failed","error":"Key: 'EssayParams.Kind' Error:Field validation for 'Kind' failed on the 'required' tag\nKey: 'EssayParams.Name' Error:Field validation for 'Name' failed on the 'required' tag\nKey: 'EssayParams.Introduction' Error:Field validation for 'Introduction' failed on the 'required' tag\nKey: 'EssayParams.Content' Error:Field validation for 'Content' failed on the 'required' tag\nKey: 'EssayParams.Router' Error:Field validation for 'Router' failed on the 'required' tag"}
{"level":"ERROR","time":"2024-08-18T21:41:27.871+0800","caller":"controller/manager.go:43","msg":"c.ShouldBindJSON(essay) failed","error":"Key: 'EssayParams.Kind' Error:Field validation for 'Kind' failed on the 'required' tag\nKey: 'EssayParams.Name' Error:Field validation for 'Name' failed on the 'required' tag\nKey: 'EssayParams.Introduction' Error:Field validation for 'Introduction' failed on the 'required' tag\nKey: 'EssayParams.Content' Error:Field validation for 'Content' failed on the 'required' tag\nKey: 'EssayParams.Router' Error:Field validation for 'Router' failed on the 'required' tag"}
{"level":"ERROR","time":"2024-08-18T21:41:54.156+0800","caller":"controller/manager.go:49","msg":"mysql.CreateEssay(essay) failed","error":"该文章已存在"}
{"level":"ERROR","time":"2024-08-18T21:41:55.262+0800","caller":"controller/manager.go:49","msg":"mysql.CreateEssay(essay) failed","error":"该文章已存在"}
{"level":"ERROR","time":"2024-08-18T21:42:06.538+0800","caller":"controller/manager.go:49","msg":"mysql.CreateEssay(essay) failed","error":"该文章已存在"}
{"level":"ERROR","time":"2024-08-18T21:42:28.802+0800","caller":"controller/manager.go:49","msg":"mysql.CreateEssay(essay) failed","error":"该文章已存在"}
{"level":"ERROR","time":"2024-08-18T21:42:40.284+0800","caller":"controller/manager.go:43","msg":"c.ShouldBindJSON(essay) failed","error":"Key: 'EssayParams.Content' Error:Field validation for 'Content' failed on the 'required' tag"}
{"level":"ERROR","time":"2024-08-18T21:43:08.062+0800","caller":"controller/manager.go:43","msg":"c.ShouldBindJSON(essay) failed","error":"Key: 'EssayParams.Content' Error:Field validation for 'Content' failed on the 'required' tag"}
{"level":"ERROR","time":"2024-08-18T21:43:10.756+0800","caller":"controller/manager.go:43","msg":"c.ShouldBindJSON(essay) failed","error":"Key: 'EssayParams.Content' Error:Field validation for 'Content' failed on the 'required' tag"}
{"level":"ERROR","time":"2024-08-18T21:43:33.423+0800","caller":"controller/manager.go:43","msg":"c.ShouldBindJSON(essay) failed","error":"Key: 'EssayParams.Content' Error:Field validation for 'Content' failed on the 'required' tag"}
{"level":"ERROR","time":"2024-08-18T21:55:25.423+0800","caller":"controller/manager.go:49","msg":"mysql.CreateEssay(essay) failed","error":"该文章已存在"}
{"level":"ERROR","time":"2024-08-18T22:17:10.631+0800","caller":"controller/manager.go:97","msg":"c.ShouldBindJSON(data) failed","error":"EOF"}
{"level":"ERROR","time":"2024-08-18T22:17:29.915+0800","caller":"controller/manager.go:97","msg":"c.ShouldBindJSON(data) failed","error":"EOF"}
{"level":"ERROR","time":"2024-08-18T22:18:16.937+0800","caller":"controller/manager.go:97","msg":"c.ShouldBindJSON(data) failed","error":"EOF"}
{"level":"ERROR","time":"2024-08-18T22:18:41.878+0800","caller":"controller/manager.go:97","msg":"c.ShouldBindJSON(data) failed","error":"EOF"}
{"level":"ERROR","time":"2024-08-18T22:58:32.967+0800","caller":"controller/data.go:51","msg":"strconv.Atoi(query) failed","error":"strconv.Atoi: parsing \"undefined\": invalid syntax"}
{"level":"ERROR","time":"2024-08-18T22:59:05.301+0800","caller":"controller/data.go:51","msg":"strconv.Atoi(query) failed","error":"strconv.Atoi: parsing \"undefined\": invalid syntax"}
{"level":"ERROR","time":"2024-08-18T23:00:09.898+0800","caller":"controller/manager.go:43","msg":"c.ShouldBindJSON(essay) failed","error":"Key: 'EssayParams.Content' Error:Field validation for 'Content' failed on the 'required' tag"}
{"level":"ERROR","time":"2024-08-18T23:00:19.079+0800","caller":"controller/manager.go:49","msg":"mysql.CreateEssay(essay) failed","error":"该文章已存在"}
{"level":"ERROR","time":"2024-08-18T23:00:22.805+0800","caller":"controller/manager.go:49","msg":"mysql.CreateEssay(essay) failed","error":"该文章已存在"}
{"level":"ERROR","time":"2024-08-18T23:01:31.313+0800","caller":"controller/data.go:51","msg":"strconv.Atoi(query) failed","error":"strconv.Atoi: parsing \"undefined\": invalid syntax"}
{"level":"ERROR","time":"2024-08-18T23:01:33.301+0800","caller":"controller/data.go:51","msg":"strconv.Atoi(query) failed","error":"strconv.Atoi: parsing \"undefined\": invalid syntax"}
{"level":"ERROR","time":"2024-08-18T23:01:37.309+0800","caller":"controller/data.go:51","msg":"strconv.Atoi(query) failed","error":"strconv.Atoi: parsing \"undefined\": invalid syntax"}
{"level":"ERROR","time":"2024-08-18T23:01:41.300+0800","caller":"controller/data.go:51","msg":"strconv.Atoi(query) failed","error":"strconv.Atoi: parsing \"undefined\": invalid syntax"}
{"level":"ERROR","time":"2024-08-18T23:01:45.301+0800","caller":"controller/data.go:51","msg":"strconv.Atoi(query) failed","error":"strconv.Atoi: parsing \"undefined\": invalid syntax"}
{"level":"ERROR","time":"2024-08-18T23:01:55.821+0800","caller":"controller/manager.go:123","msg":"logic.DeleteEssay(id) failed,err:","error":"no essay found with id 1432"}
{"level":"ERROR","time":"2024-08-18T23:01:58.160+0800","caller":"controller/manager.go:123","msg":"logic.DeleteEssay(id) failed,err:","error":"no essay found with id 1432"}
{"level":"ERROR","time":"2024-08-18T23:02:11.950+0800","caller":"controller/manager.go:123","msg":"logic.DeleteEssay(id) failed,err:","error":"no essay found with id 1431"}
{"level":"ERROR","time":"2024-08-18T23:02:27.302+0800","caller":"controller/data.go:51","msg":"strconv.Atoi(query) failed","error":"strconv.Atoi: parsing \"undefined\": invalid syntax"}
{"level":"ERROR","time":"2024-08-18T23:04:30.305+0800","caller":"controller/data.go:51","msg":"strconv.Atoi(query) failed","error":"strconv.Atoi: parsing \"undefined\": invalid syntax"}
{"level":"ERROR","time":"2024-08-18T23:04:32.305+0800","caller":"controller/data.go:51","msg":"strconv.Atoi(query) failed","error":"strconv.Atoi: parsing \"undefined\": invalid syntax"}
{"level":"ERROR","time":"2024-08-18T23:04:43.304+0800","caller":"controller/data.go:51","msg":"strconv.Atoi(query) failed","error":"strconv.Atoi: parsing \"undefined\": invalid syntax"}
{"level":"ERROR","time":"2024-08-18T23:05:07.304+0800","caller":"controller/data.go:51","msg":"strconv.Atoi(query) failed","error":"strconv.Atoi: parsing \"undefined\": invalid syntax"}
{"level":"ERROR","time":"2024-08-18T23:05:13.303+0800","caller":"controller/data.go:51","msg":"strconv.Atoi(query) failed","error":"strconv.Atoi: parsing \"undefined\": invalid syntax"}
{"level":"ERROR","time":"2024-08-18T23:05:16.310+0800","caller":"controller/data.go:51","msg":"strconv.Atoi(query) failed","error":"strconv.Atoi: parsing \"undefined\": invalid syntax"}
{"level":"ERROR","time":"2024-08-18T23:05:23.316+0800","caller":"controller/data.go:51","msg":"strconv.Atoi(query) failed","error":"strconv.Atoi: parsing \"undefined\": invalid syntax"}
{"level":"ERROR","time":"2024-08-18T23:05:25.308+0800","caller":"controller/data.go:51","msg":"strconv.Atoi(query) failed","error":"strconv.Atoi: parsing \"undefined\": invalid syntax"}
{"level":"ERROR","time":"2024-08-18T23:05:58.303+0800","caller":"controller/data.go:51","msg":"strconv.Atoi(query) failed","error":"strconv.Atoi: parsing \"undefined\": invalid syntax"}
{"level":"ERROR","time":"2024-08-18T23:07:43.627+0800","caller":"controller/data.go:51","msg":"strconv.Atoi(query) failed","error":"strconv.Atoi: parsing \"undefined\": invalid syntax"}
{"level":"ERROR","time":"2024-08-18T23:07:54.798+0800","caller":"controller/data.go:51","msg":"strconv.Atoi(query) failed","error":"strconv.Atoi: parsing \"undefined\": invalid syntax"}
{"level":"ERROR","time":"2024-08-18T23:08:00.112+0800","caller":"controller/data.go:51","msg":"strconv.Atoi(query) failed","error":"strconv.Atoi: parsing \"undefined\": invalid syntax"}
{"level":"ERROR","time":"2024-08-18T23:08:08.458+0800","caller":"controller/data.go:51","msg":"strconv.Atoi(query) failed","error":"strconv.Atoi: parsing \"undefined\": invalid syntax"}
{"level":"ERROR","time":"2024-08-18T23:09:23.299+0800","caller":"controller/data.go:51","msg":"strconv.Atoi(query) failed","error":"strconv.Atoi: parsing \"undefined\": invalid syntax"}
{"level":"ERROR","time":"2024-08-18T23:09:43.309+0800","caller":"controller/data.go:51","msg":"strconv.Atoi(query) failed","error":"strconv.Atoi: parsing \"undefined\": invalid syntax"}
{"level":"ERROR","time":"2024-08-18T23:09:49.297+0800","caller":"controller/data.go:51","msg":"strconv.Atoi(query) failed","error":"strconv.Atoi: parsing \"undefined\": invalid syntax"}
{"level":"ERROR","time":"2024-08-18T23:10:15.303+0800","caller":"controller/data.go:51","msg":"strconv.Atoi(query) failed","error":"strconv.Atoi: parsing \"undefined\": invalid syntax"}
{"level":"ERROR","time":"2024-08-18T23:10:18.308+0800","caller":"controller/data.go:51","msg":"strconv.Atoi(query) failed","error":"strconv.Atoi: parsing \"undefined\": invalid syntax"}
{"level":"ERROR","time":"2024-08-18T23:10:20.303+0800","caller":"controller/data.go:51","msg":"strconv.Atoi(query) failed","error":"strconv.Atoi: parsing \"undefined\": invalid syntax"}
{"level":"ERROR","time":"2024-08-18T23:10:43.310+0800","caller":"controller/data.go:51","msg":"strconv.Atoi(query) failed","error":"strconv.Atoi: parsing \"undefined\": invalid syntax"}
{"level":"ERROR","time":"2024-08-18T23:13:12.303+0800","caller":"controller/data.go:51","msg":"strconv.Atoi(query) failed","error":"strconv.Atoi: parsing \"undefined\": invalid syntax"}
{"level":"ERROR","time":"2024-08-18T23:13:17.309+0800","caller":"controller/data.go:51","msg":"strconv.Atoi(query) failed","error":"strconv.Atoi: parsing \"undefined\": invalid syntax"}
{"level":"ERROR","time":"2024-08-18T23:13:19.313+0800","caller":"controller/data.go:51","msg":"strconv.Atoi(query) failed","error":"strconv.Atoi: parsing \"undefined\": invalid syntax"}
{"level":"ERROR","time":"2024-08-18T23:18:09.304+0800","caller":"controller/data.go:51","msg":"strconv.Atoi(query) failed","error":"strconv.Atoi: parsing \"undefined\": invalid syntax"}
{"level":"ERROR","time":"2024-08-18T23:57:16.157+0800","caller":"controller/manager.go:31","msg":"mysql.AddClassify(classify) failed","error":"该分类已存在"}
{"level":"ERROR","time":"2024-08-19T13:18:13.039+0800","caller":"controller/manager.go:61","msg":"c.ShouldBindJSON(k) failed,err:","error":"Key: 'UpdateKindParams.Name' Error:Field validation for 'Name' failed on the 'required' tag"}
{"level":"ERROR","time":"2024-08-19T13:20:06.249+0800","caller":"controller/manager.go:61","msg":"c.ShouldBindJSON(k) failed,err:","error":"Key: 'UpdateKindParams.Name' Error:Field validation for 'Name' failed on the 'required' tag"}
{"level":"ERROR","time":"2024-08-19T13:20:15.688+0800","caller":"controller/manager.go:61","msg":"c.ShouldBindJSON(k) failed,err:","error":"Key: 'UpdateKindParams.Name' Error:Field validation for 'Name' failed on the 'required' tag"}
{"level":"ERROR","time":"2024-08-19T13:20:33.137+0800","caller":"controller/manager.go:61","msg":"c.ShouldBindJSON(k) failed,err:","error":"Key: 'UpdateKindParams.Name' Error:Field validation for 'Name' failed on the 'required' tag"}
